#
# There is insufficient memory for the Java Runtime Environment to continue.
# Native memory allocation (malloc) failed to allocate 672336 bytes for Chunk::new
# Possible reasons:
#   The system is out of physical RAM or swap space
#   The process is running with CompressedOops enabled, and the Java Heap may be blocking the growth of the native heap
# Possible solutions:
#   Reduce memory load on the system
#   Increase physical memory or swap space
#   Check if swap backing store is full
#   Decrease Java heap size (-Xmx/-Xms)
#   Decrease number of Java threads
#   Decrease Java thread stack sizes (-Xss)
#   Set larger code cache with -XX:ReservedCodeCacheSize=
#   JVM is running with Zero Based Compressed Oops mode in which the Java heap is
#     placed in the first 32GB address space. The Java Heap base address is the
#     maximum limit for the native heap growth. Please use -XX:HeapBaseMinAddress
#     to set the Java Heap base and to place the Java Heap above 32GB virtual address.
# This output file may be truncated or incomplete.
#
#  Out of Memory Error (arena.cpp:168), pid=12816, tid=12144
#
# JRE version: Java(TM) SE Runtime Environment (21.0.2+13) (build 21.0.2+13-LTS-58)
# Java VM: Java HotSpot(TM) 64-Bit Server VM (21.0.2+13-LTS-58, mixed mode, sharing, tiered, compressed oops, compressed class ptrs, g1 gc, windows-amd64)
# No core dump will be written. Minidumps are not enabled by default on client versions of Windows
#

---------------  S U M M A R Y ------------

Command Line: -agentlib:jdwp=transport=dt_socket,server=n,suspend=y,address=localhost:60023 --enable-preview -XX:+ShowCodeDetailsInExceptionMessages App

Host: AMD Ryzen 5 3500 6-Core Processor              , 6 cores, 15G,  Windows 10 , 64 bit Build 19041 (10.0.19041.3636)
Time: Wed Mar 20 19:12:58 2024 SE Asia Standard Time elapsed time: 232.818140 seconds (0d 0h 3m 52s)

---------------  T H R E A D  ---------------

Current thread (0x000001d8ffd61050):  JavaThread "C2 CompilerThread0" daemon [_thread_in_native, id=12144, stack(0x00000015f5f00000,0x00000015f6000000) (1024K)]


Current CompileTask:
C2: 232818 2843       4       java.awt.Component::dispatchEventImpl (785 bytes)

Stack: [0x00000015f5f00000,0x00000015f6000000]
Native frames: (J=compiled Java code, j=interpreted, Vv=VM code, C=native code)
V  [jvm.dll+0x6cade9]
V  [jvm.dll+0x8569c1]
V  [jvm.dll+0x858d2e]
V  [jvm.dll+0x859413]
V  [jvm.dll+0x280e56]
V  [jvm.dll+0xc3f3d]
V  [jvm.dll+0xc4473]
V  [jvm.dll+0x3b5c2c]
V  [jvm.dll+0x382855]
V  [jvm.dll+0x381cca]
V  [jvm.dll+0x249bd0]
V  [jvm.dll+0x2491b1]
V  [jvm.dll+0x1c9634]
V  [jvm.dll+0x258859]
V  [jvm.dll+0x256e3a]
V  [jvm.dll+0x3ef6c6]
V  [jvm.dll+0x7ff568]
V  [jvm.dll+0x6c953d]
C  [ucrtbase.dll+0x21bb2]
C  [KERNEL32.DLL+0x17344]
C  [ntdll.dll+0x526b1]


---------------  P R O C E S S  ---------------

Threads class SMR info:
_java_thread_list=0x000001d8cd35f840, length=20, elements={
0x000001d8ffd46d00, 0x000001d8ffd47c20, 0x000001d8ffd4b220, 0x000001d8ffd502a0,
0x000001d8ffd50930, 0x000001d8ffd51650, 0x000001d8ffd61050, 0x000001d8ffd61f00,
0x000001d8c5187bc0, 0x000001d8c518dd40, 0x000001d8c518e7d0, 0x000001d8ffd4f580,
0x000001d8ffd50fc0, 0x000001d8ffd51ce0, 0x000001d8ffd4e860, 0x000001d8c5b005c0,
0x000001d8c5aff210, 0x000001d8c5b012e0, 0x000001d8c5b00c50, 0x000001d8c5afeb80
}

Java Threads: ( => current thread )
  0x000001d8ffd46d00 JavaThread "Reference Handler"          daemon [_thread_blocked, id=14324, stack(0x00000015f5900000,0x00000015f5a00000) (1024K)]
  0x000001d8ffd47c20 JavaThread "Finalizer"                  daemon [_thread_blocked, id=15216, stack(0x00000015f5a00000,0x00000015f5b00000) (1024K)]
  0x000001d8ffd4b220 JavaThread "Signal Dispatcher"          daemon [_thread_blocked, id=16988, stack(0x00000015f5b00000,0x00000015f5c00000) (1024K)]
  0x000001d8ffd502a0 JavaThread "Attach Listener"            daemon [_thread_blocked, id=16044, stack(0x00000015f5c00000,0x00000015f5d00000) (1024K)]
  0x000001d8ffd50930 JavaThread "Service Thread"             daemon [_thread_blocked, id=16868, stack(0x00000015f5d00000,0x00000015f5e00000) (1024K)]
  0x000001d8ffd51650 JavaThread "Monitor Deflation Thread"   daemon [_thread_blocked, id=6328, stack(0x00000015f5e00000,0x00000015f5f00000) (1024K)]
=>0x000001d8ffd61050 JavaThread "C2 CompilerThread0"         daemon [_thread_in_native, id=12144, stack(0x00000015f5f00000,0x00000015f6000000) (1024K)]
  0x000001d8ffd61f00 JavaThread "C1 CompilerThread0"         daemon [_thread_blocked, id=15432, stack(0x00000015f6000000,0x00000015f6100000) (1024K)]
  0x000001d8c5187bc0 JavaThread "JDWP Transport Listener: dt_socket" daemon [_thread_blocked, id=10376, stack(0x00000015f6100000,0x00000015f6200000) (1024K)]
  0x000001d8c518dd40 JavaThread "JDWP Event Helper Thread"   daemon [_thread_blocked, id=1500, stack(0x00000015f6200000,0x00000015f6300000) (1024K)]
  0x000001d8c518e7d0 JavaThread "JDWP Command Reader"        daemon [_thread_in_native, id=16096, stack(0x00000015f6300000,0x00000015f6400000) (1024K)]
  0x000001d8ffd4f580 JavaThread "Notification Thread"        daemon [_thread_blocked, id=7620, stack(0x00000015f6400000,0x00000015f6500000) (1024K)]
  0x000001d8ffd50fc0 JavaThread "Common-Cleaner"             daemon [_thread_blocked, id=17124, stack(0x00000015f6500000,0x00000015f6600000) (1024K)]
  0x000001d8ffd51ce0 JavaThread "Java2D Disposer"            daemon [_thread_blocked, id=16116, stack(0x00000015f6600000,0x00000015f6700000) (1024K)]
  0x000001d8ffd4e860 JavaThread "AWT-Windows"                daemon [_thread_in_native, id=17104, stack(0x00000015f6800000,0x00000015f6900000) (1024K)]
  0x000001d8c5b005c0 JavaThread "main-SharedResourceRunner"  daemon [_thread_blocked, id=6464, stack(0x00000015f6c00000,0x00000015f6d00000) (1024K)]
  0x000001d8c5aff210 JavaThread "AWT-Shutdown"                      [_thread_blocked, id=14120, stack(0x00000015f6700000,0x00000015f6800000) (1024K)]
  0x000001d8c5b012e0 JavaThread "AWT-EventQueue-0"                  [_thread_blocked, id=4100, stack(0x00000015f7700000,0x00000015f7800000) (1024K)]
  0x000001d8c5b00c50 JavaThread "DestroyJavaVM"                     [_thread_blocked, id=15744, stack(0x00000015f5100000,0x00000015f5200000) (1024K)]
  0x000001d8c5afeb80 JavaThread "D3D Screen Updater"         daemon [_thread_blocked, id=16072, stack(0x00000015f7800000,0x00000015f7900000) (1024K)]
Total: 20

Other Threads:
  0x000001d8ffd28f70 VMThread "VM Thread"                           [id=15464, stack(0x00000015f5800000,0x00000015f5900000) (1024K)]
  0x000001d8ffd10240 WatcherThread "VM Periodic Task Thread"        [id=14728, stack(0x00000015f5700000,0x00000015f5800000) (1024K)]
  0x000001d8e105f770 WorkerThread "GC Thread#0"                     [id=11880, stack(0x00000015f5200000,0x00000015f5300000) (1024K)]
  0x000001d8cd26f1a0 WorkerThread "GC Thread#1"                     [id=16632, stack(0x00000015f7200000,0x00000015f7300000) (1024K)]
  0x000001d8cd26dbe0 WorkerThread "GC Thread#2"                     [id=6156, stack(0x00000015f7300000,0x00000015f7400000) (1024K)]
  0x000001d8cd26d4a0 WorkerThread "GC Thread#3"                     [id=17396, stack(0x00000015f7400000,0x00000015f7500000) (1024K)]
  0x000001d8cd26b7a0 WorkerThread "GC Thread#4"                     [id=5800, stack(0x00000015f7500000,0x00000015f7600000) (1024K)]
  0x000001d8cd26df80 WorkerThread "GC Thread#5"                     [id=10828, stack(0x00000015f7600000,0x00000015f7700000) (1024K)]
  0x000001d8e1071010 ConcurrentGCThread "G1 Main Marker"            [id=13768, stack(0x00000015f5300000,0x00000015f5400000) (1024K)]
  0x000001d8e10722b0 WorkerThread "G1 Conc#0"                       [id=9556, stack(0x00000015f5400000,0x00000015f5500000) (1024K)]
  0x000001d8cd26ea60 WorkerThread "G1 Conc#1"                       [id=5500, stack(0x00000015f6b00000,0x00000015f6c00000) (1024K)]
  0x000001d8ffbd20c0 ConcurrentGCThread "G1 Refine#0"               [id=12508, stack(0x00000015f5500000,0x00000015f5600000) (1024K)]
  0x000001d8ffbd2c30 ConcurrentGCThread "G1 Service"                [id=7740, stack(0x00000015f5600000,0x00000015f5700000) (1024K)]
Total: 13

Threads with active compile tasks:
C2 CompilerThread0   232853 2843       4       java.awt.Component::dispatchEventImpl (785 bytes)
Total: 1

VM state: not at safepoint (normal execution)

VM Mutex/Monitor currently owned by a thread: None

Heap address: 0x0000000701000000, size: 4080 MB, Compressed Oops mode: Zero based, Oop shift amount: 3

CDS archive(s) mapped at: [0x000001d880000000-0x000001d880c90000-0x000001d880c90000), size 13172736, SharedBaseAddress: 0x000001d880000000, ArchiveRelocationMode: 1.
Compressed class space mapped at: 0x000001d881000000-0x000001d8c1000000, reserved size: 1073741824
Narrow klass base: 0x000001d880000000, Narrow klass shift: 0, Narrow klass range: 0x100000000

GC Precious Log:
 CardTable entry size: 512
 Card Set container configuration: InlinePtr #cards 4 size 8 Array Of Cards #cards 16 size 48 Howl #buckets 8 coarsen threshold 3686 Howl Bitmap #cards 512 size 80 coarsen threshold 460 Card regions per heap region 1 cards per card region 4096
 CPUs: 6 total, 6 available
 Memory: 16315M
 Large Page Support: Disabled
 NUMA Support: Disabled
 Compressed Oops: Enabled (Zero based)
 Heap Region Size: 2M
 Heap Min Capacity: 8M
 Heap Initial Capacity: 256M
 Heap Max Capacity: 4080M
 Pre-touch: Disabled
 Parallel Workers: 6
 Concurrent Workers: 2
 Concurrent Refinement Workers: 6
 Periodic GC: Disabled

Heap:
 garbage-first heap   total 294912K, used 110167K [0x0000000701000000, 0x0000000800000000)
  region size 2048K, 3 young (6144K), 0 survivors (0K)
 Metaspace       used 18305K, committed 18560K, reserved 1114112K
  class space    used 1420K, committed 1536K, reserved 1048576K

Heap Regions: E=young(eden), S=young(survivor), O=old, HS=humongous(starts), HC=humongous(continues), CS=collection set, F=free, TAMS=top-at-mark-start, PB=parsable bottom
|   0|0x0000000701000000, 0x0000000701200000, 0x0000000701200000|100%|HS|  |TAMS 0x0000000701000000| PB 0x0000000701000000| Untracked 
|   1|0x0000000701200000, 0x0000000701400000, 0x0000000701400000|100%|HC|  |TAMS 0x0000000701200000| PB 0x0000000701200000| Untracked 
|   2|0x0000000701400000, 0x0000000701600000, 0x0000000701600000|100%|HC|  |TAMS 0x0000000701400000| PB 0x0000000701400000| Untracked 
|   3|0x0000000701600000, 0x0000000701800000, 0x0000000701800000|100%|HC|  |TAMS 0x0000000701600000| PB 0x0000000701600000| Untracked 
|   4|0x0000000701800000, 0x0000000701a00000, 0x0000000701a00000|100%|HC|  |TAMS 0x0000000701800000| PB 0x0000000701800000| Untracked 
|   5|0x0000000701a00000, 0x0000000701c00000, 0x0000000701c00000|100%|HC|  |TAMS 0x0000000701a00000| PB 0x0000000701a00000| Untracked 
|   6|0x0000000701c00000, 0x0000000701e00000, 0x0000000701e00000|100%|HC|  |TAMS 0x0000000701c00000| PB 0x0000000701c00000| Untracked 
|   7|0x0000000701e00000, 0x0000000702000000, 0x0000000702000000|100%|HC|  |TAMS 0x0000000701e00000| PB 0x0000000701e00000| Untracked 
|   8|0x0000000702000000, 0x0000000702200000, 0x0000000702200000|100%|HC|  |TAMS 0x0000000702000000| PB 0x0000000702000000| Untracked 
|   9|0x0000000702200000, 0x0000000702400000, 0x0000000702400000|100%| O|  |TAMS 0x0000000702200000| PB 0x0000000702200000| Untracked 
|  10|0x0000000702400000, 0x0000000702600000, 0x0000000702600000|100%| O|  |TAMS 0x0000000702400000| PB 0x0000000702400000| Untracked 
|  11|0x0000000702600000, 0x00000007027ffff8, 0x0000000702800000| 99%| O|  |TAMS 0x0000000702600000| PB 0x0000000702600000| Untracked 
|  12|0x0000000702800000, 0x0000000702a00000, 0x0000000702a00000|100%| O|  |TAMS 0x0000000702800000| PB 0x0000000702800000| Untracked 
|  13|0x0000000702a00000, 0x0000000702bffff0, 0x0000000702c00000| 99%| O|  |TAMS 0x0000000702a00000| PB 0x0000000702a00000| Untracked 
|  14|0x0000000702c00000, 0x0000000702e00000, 0x0000000702e00000|100%|HS|  |TAMS 0x0000000702c00000| PB 0x0000000702c00000| Untracked 
|  15|0x0000000702e00000, 0x0000000703000000, 0x0000000703000000|100%|HC|  |TAMS 0x0000000702e00000| PB 0x0000000702e00000| Untracked 
|  16|0x0000000703000000, 0x0000000703200000, 0x0000000703200000|100%|HC|  |TAMS 0x0000000703000000| PB 0x0000000703000000| Untracked 
|  17|0x0000000703200000, 0x0000000703400000, 0x0000000703400000|100%|HS|  |TAMS 0x0000000703200000| PB 0x0000000703200000| Untracked 
|  18|0x0000000703400000, 0x0000000703600000, 0x0000000703600000|100%|HC|  |TAMS 0x0000000703400000| PB 0x0000000703400000| Untracked 
|  19|0x0000000703600000, 0x0000000703800000, 0x0000000703800000|100%|HC|  |TAMS 0x0000000703600000| PB 0x0000000703600000| Untracked 
|  20|0x0000000703800000, 0x0000000703a00000, 0x0000000703a00000|100%|HC|  |TAMS 0x0000000703800000| PB 0x0000000703800000| Untracked 
|  21|0x0000000703a00000, 0x0000000703c00000, 0x0000000703c00000|100%|HC|  |TAMS 0x0000000703a00000| PB 0x0000000703a00000| Untracked 
|  22|0x0000000703c00000, 0x0000000703e00000, 0x0000000703e00000|100%|HC|  |TAMS 0x0000000703c00000| PB 0x0000000703c00000| Untracked 
|  23|0x0000000703e00000, 0x0000000704000000, 0x0000000704000000|100%|HC|  |TAMS 0x0000000703e00000| PB 0x0000000703e00000| Untracked 
|  24|0x0000000704000000, 0x0000000704200000, 0x0000000704200000|100%|HC|  |TAMS 0x0000000704000000| PB 0x0000000704000000| Untracked 
|  25|0x0000000704200000, 0x0000000704400000, 0x0000000704400000|100%|HC|  |TAMS 0x0000000704200000| PB 0x0000000704200000| Untracked 
|  26|0x0000000704400000, 0x0000000704600000, 0x0000000704600000|100%|HC|  |TAMS 0x0000000704400000| PB 0x0000000704400000| Untracked 
|  27|0x0000000704600000, 0x0000000704800000, 0x0000000704800000|100%|HC|  |TAMS 0x0000000704600000| PB 0x0000000704600000| Untracked 
|  28|0x0000000704800000, 0x0000000704a00000, 0x0000000704a00000|100%|HC|  |TAMS 0x0000000704800000| PB 0x0000000704800000| Untracked 
|  29|0x0000000704a00000, 0x0000000704c00000, 0x0000000704c00000|100%|HC|  |TAMS 0x0000000704a00000| PB 0x0000000704a00000| Untracked 
|  30|0x0000000704c00000, 0x0000000704e00000, 0x0000000704e00000|100%|HS|  |TAMS 0x0000000704c00000| PB 0x0000000704c00000| Untracked 
|  31|0x0000000704e00000, 0x0000000704fffff8, 0x0000000705000000| 99%| O|  |TAMS 0x0000000704e00000| PB 0x0000000704e00000| Untracked 
|  32|0x0000000705000000, 0x0000000705200000, 0x0000000705200000|100%| O|  |TAMS 0x0000000705000000| PB 0x0000000705000000| Untracked 
|  33|0x0000000705200000, 0x00000007053ffff0, 0x0000000705400000| 99%| O|  |TAMS 0x0000000705200000| PB 0x0000000705200000| Untracked 
|  34|0x0000000705400000, 0x000000070558bde8, 0x0000000705600000| 77%| O|  |TAMS 0x0000000705400000| PB 0x0000000705400000| Untracked 
|  35|0x0000000705600000, 0x00000007057dba00, 0x0000000705800000| 92%| O|  |TAMS 0x0000000705600000| PB 0x0000000705600000| Untracked 
|  36|0x0000000705800000, 0x00000007059ffff8, 0x0000000705a00000| 99%| O|  |TAMS 0x0000000705800000| PB 0x0000000705800000| Untracked 
|  37|0x0000000705a00000, 0x0000000705add5a8, 0x0000000705c00000| 43%| O|  |TAMS 0x0000000705a00000| PB 0x0000000705a00000| Untracked 
|  38|0x0000000705c00000, 0x0000000705d1ad90, 0x0000000705e00000| 55%| O|  |TAMS 0x0000000705c00000| PB 0x0000000705c00000| Untracked 
|  39|0x0000000705e00000, 0x0000000705fffff8, 0x0000000706000000| 99%| O|  |TAMS 0x0000000705e00000| PB 0x0000000705e00000| Untracked 
|  40|0x0000000706000000, 0x0000000706001e90, 0x0000000706200000|  0%| O|  |TAMS 0x0000000706000000| PB 0x0000000706000000| Untracked 
|  41|0x0000000706200000, 0x00000007062342d8, 0x0000000706400000| 10%| O|  |TAMS 0x0000000706200000| PB 0x0000000706200000| Untracked 
|  42|0x0000000706400000, 0x00000007065ffff8, 0x0000000706600000| 99%| O|  |TAMS 0x0000000706400000| PB 0x0000000706400000| Untracked 
|  43|0x0000000706600000, 0x0000000706600000, 0x0000000706800000|  0%| F|  |TAMS 0x0000000706600000| PB 0x0000000706600000| Untracked 
|  44|0x0000000706800000, 0x0000000706800000, 0x0000000706a00000|  0%| F|  |TAMS 0x0000000706800000| PB 0x0000000706800000| Untracked 
|  45|0x0000000706a00000, 0x0000000706a00000, 0x0000000706c00000|  0%| F|  |TAMS 0x0000000706a00000| PB 0x0000000706a00000| Untracked 
|  46|0x0000000706c00000, 0x0000000706c00000, 0x0000000706e00000|  0%| F|  |TAMS 0x0000000706c00000| PB 0x0000000706c00000| Untracked 
|  47|0x0000000706e00000, 0x0000000706e00000, 0x0000000707000000|  0%| F|  |TAMS 0x0000000706e00000| PB 0x0000000706e00000| Untracked 
|  48|0x0000000707000000, 0x0000000707000000, 0x0000000707200000|  0%| F|  |TAMS 0x0000000707000000| PB 0x0000000707000000| Untracked 
|  49|0x0000000707200000, 0x0000000707200000, 0x0000000707400000|  0%| F|  |TAMS 0x0000000707200000| PB 0x0000000707200000| Untracked 
|  50|0x0000000707400000, 0x0000000707400000, 0x0000000707600000|  0%| F|  |TAMS 0x0000000707400000| PB 0x0000000707400000| Untracked 
|  51|0x0000000707600000, 0x0000000707600000, 0x0000000707800000|  0%| F|  |TAMS 0x0000000707600000| PB 0x0000000707600000| Untracked 
|  52|0x0000000707800000, 0x0000000707800000, 0x0000000707a00000|  0%| F|  |TAMS 0x0000000707800000| PB 0x0000000707800000| Untracked 
|  53|0x0000000707a00000, 0x0000000707a00000, 0x0000000707c00000|  0%| F|  |TAMS 0x0000000707a00000| PB 0x0000000707a00000| Untracked 
|  54|0x0000000707c00000, 0x0000000707c00000, 0x0000000707e00000|  0%| F|  |TAMS 0x0000000707c00000| PB 0x0000000707c00000| Untracked 
|  55|0x0000000707e00000, 0x0000000708000000, 0x0000000708000000|100%| O|  |TAMS 0x0000000707e00000| PB 0x0000000707e00000| Untracked 
|  56|0x0000000708000000, 0x0000000708200000, 0x0000000708200000|100%| O|  |TAMS 0x0000000708000000| PB 0x0000000708000000| Untracked 
|  57|0x0000000708200000, 0x0000000708200000, 0x0000000708400000|  0%| F|  |TAMS 0x0000000708200000| PB 0x0000000708200000| Untracked 
|  58|0x0000000708400000, 0x0000000708400000, 0x0000000708600000|  0%| F|  |TAMS 0x0000000708400000| PB 0x0000000708400000| Untracked 
|  59|0x0000000708600000, 0x0000000708600000, 0x0000000708800000|  0%| F|  |TAMS 0x0000000708600000| PB 0x0000000708600000| Untracked 
|  60|0x0000000708800000, 0x0000000708a00000, 0x0000000708a00000|100%|HS|  |TAMS 0x0000000708800000| PB 0x0000000708800000| Untracked 
|  61|0x0000000708a00000, 0x0000000708c00000, 0x0000000708c00000|100%|HC|  |TAMS 0x0000000708a00000| PB 0x0000000708a00000| Untracked 
|  62|0x0000000708c00000, 0x0000000708e00000, 0x0000000708e00000|100%|HC|  |TAMS 0x0000000708c00000| PB 0x0000000708c00000| Untracked 
|  63|0x0000000708e00000, 0x0000000708e00000, 0x0000000709000000|  0%| F|  |TAMS 0x0000000708e00000| PB 0x0000000708e00000| Untracked 
|  64|0x0000000709000000, 0x0000000709000000, 0x0000000709200000|  0%| F|  |TAMS 0x0000000709000000| PB 0x0000000709000000| Untracked 
|  65|0x0000000709200000, 0x0000000709400000, 0x0000000709400000|100%| O|  |TAMS 0x0000000709200000| PB 0x0000000709200000| Untracked 
|  66|0x0000000709400000, 0x0000000709600000, 0x0000000709600000|100%| O|  |TAMS 0x0000000709400000| PB 0x0000000709400000| Untracked 
|  67|0x0000000709600000, 0x0000000709600000, 0x0000000709800000|  0%| F|  |TAMS 0x0000000709600000| PB 0x0000000709600000| Untracked 
|  68|0x0000000709800000, 0x0000000709800000, 0x0000000709a00000|  0%| F|  |TAMS 0x0000000709800000| PB 0x0000000709800000| Untracked 
|  69|0x0000000709a00000, 0x0000000709a00000, 0x0000000709c00000|  0%| F|  |TAMS 0x0000000709a00000| PB 0x0000000709a00000| Untracked 
|  70|0x0000000709c00000, 0x0000000709c00000, 0x0000000709e00000|  0%| F|  |TAMS 0x0000000709c00000| PB 0x0000000709c00000| Untracked 
|  71|0x0000000709e00000, 0x0000000709e00000, 0x000000070a000000|  0%| F|  |TAMS 0x0000000709e00000| PB 0x0000000709e00000| Untracked 
|  72|0x000000070a000000, 0x000000070a000000, 0x000000070a200000|  0%| F|  |TAMS 0x000000070a000000| PB 0x000000070a000000| Untracked 
|  73|0x000000070a200000, 0x000000070a200000, 0x000000070a400000|  0%| F|  |TAMS 0x000000070a200000| PB 0x000000070a200000| Untracked 
|  74|0x000000070a400000, 0x000000070a400000, 0x000000070a600000|  0%| F|  |TAMS 0x000000070a400000| PB 0x000000070a400000| Untracked 
|  75|0x000000070a600000, 0x000000070a600000, 0x000000070a800000|  0%| F|  |TAMS 0x000000070a600000| PB 0x000000070a600000| Untracked 
|  76|0x000000070a800000, 0x000000070a800000, 0x000000070aa00000|  0%| F|  |TAMS 0x000000070a800000| PB 0x000000070a800000| Untracked 
|  77|0x000000070aa00000, 0x000000070aa00000, 0x000000070ac00000|  0%| F|  |TAMS 0x000000070aa00000| PB 0x000000070aa00000| Untracked 
|  78|0x000000070ac00000, 0x000000070ac00000, 0x000000070ae00000|  0%| F|  |TAMS 0x000000070ac00000| PB 0x000000070ac00000| Untracked 
|  79|0x000000070ae00000, 0x000000070ae00000, 0x000000070b000000|  0%| F|  |TAMS 0x000000070ae00000| PB 0x000000070ae00000| Untracked 
|  80|0x000000070b000000, 0x000000070b000000, 0x000000070b200000|  0%| F|  |TAMS 0x000000070b000000| PB 0x000000070b000000| Untracked 
|  81|0x000000070b200000, 0x000000070b200000, 0x000000070b400000|  0%| F|  |TAMS 0x000000070b200000| PB 0x000000070b200000| Untracked 
|  82|0x000000070b400000, 0x000000070b400000, 0x000000070b600000|  0%| F|  |TAMS 0x000000070b400000| PB 0x000000070b400000| Untracked 
|  83|0x000000070b600000, 0x000000070b600000, 0x000000070b800000|  0%| F|  |TAMS 0x000000070b600000| PB 0x000000070b600000| Untracked 
|  84|0x000000070b800000, 0x000000070b800000, 0x000000070ba00000|  0%| F|  |TAMS 0x000000070b800000| PB 0x000000070b800000| Untracked 
|  85|0x000000070ba00000, 0x000000070ba00000, 0x000000070bc00000|  0%| F|  |TAMS 0x000000070ba00000| PB 0x000000070ba00000| Untracked 
|  86|0x000000070bc00000, 0x000000070bc00000, 0x000000070be00000|  0%| F|  |TAMS 0x000000070bc00000| PB 0x000000070bc00000| Untracked 
|  87|0x000000070be00000, 0x000000070be00000, 0x000000070c000000|  0%| F|  |TAMS 0x000000070be00000| PB 0x000000070be00000| Untracked 
|  88|0x000000070c000000, 0x000000070c000000, 0x000000070c200000|  0%| F|  |TAMS 0x000000070c000000| PB 0x000000070c000000| Untracked 
|  89|0x000000070c200000, 0x000000070c200000, 0x000000070c400000|  0%| F|  |TAMS 0x000000070c200000| PB 0x000000070c200000| Untracked 
|  90|0x000000070c400000, 0x000000070c400000, 0x000000070c600000|  0%| F|  |TAMS 0x000000070c400000| PB 0x000000070c400000| Untracked 
|  91|0x000000070c600000, 0x000000070c600000, 0x000000070c800000|  0%| F|  |TAMS 0x000000070c600000| PB 0x000000070c600000| Untracked 
|  92|0x000000070c800000, 0x000000070c800000, 0x000000070ca00000|  0%| F|  |TAMS 0x000000070c800000| PB 0x000000070c800000| Untracked 
|  93|0x000000070ca00000, 0x000000070ca00000, 0x000000070cc00000|  0%| F|  |TAMS 0x000000070ca00000| PB 0x000000070ca00000| Untracked 
|  94|0x000000070cc00000, 0x000000070cc00000, 0x000000070ce00000|  0%| F|  |TAMS 0x000000070cc00000| PB 0x000000070cc00000| Untracked 
|  95|0x000000070ce00000, 0x000000070ce00000, 0x000000070d000000|  0%| F|  |TAMS 0x000000070ce00000| PB 0x000000070ce00000| Untracked 
|  96|0x000000070d000000, 0x000000070d000000, 0x000000070d200000|  0%| F|  |TAMS 0x000000070d000000| PB 0x000000070d000000| Untracked 
|  97|0x000000070d200000, 0x000000070d200000, 0x000000070d400000|  0%| F|  |TAMS 0x000000070d200000| PB 0x000000070d200000| Untracked 
|  98|0x000000070d400000, 0x000000070d400000, 0x000000070d600000|  0%| F|  |TAMS 0x000000070d400000| PB 0x000000070d400000| Untracked 
|  99|0x000000070d600000, 0x000000070d600000, 0x000000070d800000|  0%| F|  |TAMS 0x000000070d600000| PB 0x000000070d600000| Untracked 
| 100|0x000000070d800000, 0x000000070d800000, 0x000000070da00000|  0%| F|  |TAMS 0x000000070d800000| PB 0x000000070d800000| Untracked 
| 101|0x000000070da00000, 0x000000070da00000, 0x000000070dc00000|  0%| F|  |TAMS 0x000000070da00000| PB 0x000000070da00000| Untracked 
| 102|0x000000070dc00000, 0x000000070dc00000, 0x000000070de00000|  0%| F|  |TAMS 0x000000070dc00000| PB 0x000000070dc00000| Untracked 
| 103|0x000000070de00000, 0x000000070de00000, 0x000000070e000000|  0%| F|  |TAMS 0x000000070de00000| PB 0x000000070de00000| Untracked 
| 104|0x000000070e000000, 0x000000070e000000, 0x000000070e200000|  0%| F|  |TAMS 0x000000070e000000| PB 0x000000070e000000| Untracked 
| 105|0x000000070e200000, 0x000000070e200000, 0x000000070e400000|  0%| F|  |TAMS 0x000000070e200000| PB 0x000000070e200000| Untracked 
| 106|0x000000070e400000, 0x000000070e400000, 0x000000070e600000|  0%| F|  |TAMS 0x000000070e400000| PB 0x000000070e400000| Untracked 
| 107|0x000000070e600000, 0x000000070e600000, 0x000000070e800000|  0%| F|  |TAMS 0x000000070e600000| PB 0x000000070e600000| Untracked 
| 108|0x000000070e800000, 0x000000070e800000, 0x000000070ea00000|  0%| F|  |TAMS 0x000000070e800000| PB 0x000000070e800000| Untracked 
| 109|0x000000070ea00000, 0x000000070ea00000, 0x000000070ec00000|  0%| F|  |TAMS 0x000000070ea00000| PB 0x000000070ea00000| Untracked 
| 110|0x000000070ec00000, 0x000000070ec00000, 0x000000070ee00000|  0%| F|  |TAMS 0x000000070ec00000| PB 0x000000070ec00000| Untracked 
| 111|0x000000070ee00000, 0x000000070ee00000, 0x000000070f000000|  0%| F|  |TAMS 0x000000070ee00000| PB 0x000000070ee00000| Untracked 
| 112|0x000000070f000000, 0x000000070f000000, 0x000000070f200000|  0%| F|  |TAMS 0x000000070f000000| PB 0x000000070f000000| Untracked 
| 113|0x000000070f200000, 0x000000070f200000, 0x000000070f400000|  0%| F|  |TAMS 0x000000070f200000| PB 0x000000070f200000| Untracked 
| 114|0x000000070f400000, 0x000000070f400000, 0x000000070f600000|  0%| F|  |TAMS 0x000000070f400000| PB 0x000000070f400000| Untracked 
| 115|0x000000070f600000, 0x000000070f600000, 0x000000070f800000|  0%| F|  |TAMS 0x000000070f600000| PB 0x000000070f600000| Untracked 
| 116|0x000000070f800000, 0x000000070f800000, 0x000000070fa00000|  0%| F|  |TAMS 0x000000070f800000| PB 0x000000070f800000| Untracked 
| 117|0x000000070fa00000, 0x000000070fa00000, 0x000000070fc00000|  0%| F|  |TAMS 0x000000070fa00000| PB 0x000000070fa00000| Untracked 
| 118|0x000000070fc00000, 0x000000070fc00000, 0x000000070fe00000|  0%| F|  |TAMS 0x000000070fc00000| PB 0x000000070fc00000| Untracked 
| 119|0x000000070fe00000, 0x000000070fe00000, 0x0000000710000000|  0%| F|  |TAMS 0x000000070fe00000| PB 0x000000070fe00000| Untracked 
| 120|0x0000000710000000, 0x0000000710000000, 0x0000000710200000|  0%| F|  |TAMS 0x0000000710000000| PB 0x0000000710000000| Untracked 
| 121|0x0000000710200000, 0x0000000710200000, 0x0000000710400000|  0%| F|  |TAMS 0x0000000710200000| PB 0x0000000710200000| Untracked 
| 122|0x0000000710400000, 0x0000000710400000, 0x0000000710600000|  0%| F|  |TAMS 0x0000000710400000| PB 0x0000000710400000| Untracked 
| 123|0x0000000710600000, 0x0000000710600000, 0x0000000710800000|  0%| F|  |TAMS 0x0000000710600000| PB 0x0000000710600000| Untracked 
| 124|0x0000000710800000, 0x0000000710800000, 0x0000000710a00000|  0%| F|  |TAMS 0x0000000710800000| PB 0x0000000710800000| Untracked 
| 125|0x0000000710a00000, 0x0000000710a00000, 0x0000000710c00000|  0%| F|  |TAMS 0x0000000710a00000| PB 0x0000000710a00000| Untracked 
| 126|0x0000000710c00000, 0x0000000710c00000, 0x0000000710e00000|  0%| F|  |TAMS 0x0000000710c00000| PB 0x0000000710c00000| Untracked 
| 127|0x0000000710e00000, 0x0000000710e00000, 0x0000000711000000|  0%| F|  |TAMS 0x0000000710e00000| PB 0x0000000710e00000| Untracked 
| 128|0x0000000711000000, 0x0000000711000000, 0x0000000711200000|  0%| F|  |TAMS 0x0000000711000000| PB 0x0000000711000000| Untracked 
| 129|0x0000000711200000, 0x0000000711200000, 0x0000000711400000|  0%| F|  |TAMS 0x0000000711200000| PB 0x0000000711200000| Untracked 
| 130|0x0000000711400000, 0x0000000711400000, 0x0000000711600000|  0%| F|  |TAMS 0x0000000711400000| PB 0x0000000711400000| Untracked 
| 131|0x0000000711600000, 0x0000000711600000, 0x0000000711800000|  0%| F|  |TAMS 0x0000000711600000| PB 0x0000000711600000| Untracked 
| 132|0x0000000711800000, 0x0000000711800000, 0x0000000711a00000|  0%| F|  |TAMS 0x0000000711800000| PB 0x0000000711800000| Untracked 
| 133|0x0000000711a00000, 0x0000000711a00000, 0x0000000711c00000|  0%| F|  |TAMS 0x0000000711a00000| PB 0x0000000711a00000| Untracked 
| 134|0x0000000711c00000, 0x0000000711c00000, 0x0000000711e00000|  0%| F|  |TAMS 0x0000000711c00000| PB 0x0000000711c00000| Untracked 
| 135|0x0000000711e00000, 0x0000000711e00000, 0x0000000712000000|  0%| F|  |TAMS 0x0000000711e00000| PB 0x0000000711e00000| Untracked 
|2032|0x00000007ff000000, 0x00000007ff200000, 0x00000007ff200000|100%| E|  |TAMS 0x00000007ff000000| PB 0x00000007ff000000| Complete 
|2033|0x00000007ff200000, 0x00000007ff400000, 0x00000007ff400000|100%| E|CS|TAMS 0x00000007ff200000| PB 0x00000007ff200000| Complete 
|2034|0x00000007ff400000, 0x00000007ff600000, 0x00000007ff600000|100%| E|CS|TAMS 0x00000007ff400000| PB 0x00000007ff400000| Complete 
|2035|0x00000007ff600000, 0x00000007ff800000, 0x00000007ff800000|100%| O|  |TAMS 0x00000007ff600000| PB 0x00000007ff600000| Untracked 
|2036|0x00000007ff800000, 0x00000007ffa00000, 0x00000007ffa00000|100%| O|  |TAMS 0x00000007ff800000| PB 0x00000007ff800000| Untracked 
|2037|0x00000007ffa00000, 0x00000007ffc00000, 0x00000007ffc00000|100%| O|  |TAMS 0x00000007ffa00000| PB 0x00000007ffa00000| Untracked 
|2038|0x00000007ffc00000, 0x00000007ffe00000, 0x00000007ffe00000|100%| O|  |TAMS 0x00000007ffc00000| PB 0x00000007ffc00000| Untracked 
|2039|0x00000007ffe00000, 0x0000000800000000, 0x0000000800000000|100%| O|  |TAMS 0x00000007ffe00000| PB 0x00000007ffe00000| Untracked 

Card table byte_map: [0x000001d8f8d80000,0x000001d8f9580000] _byte_map_base: 0x000001d8f5578000

Marking Bits: (CMBitMap*) 0x000001d8e1060680
 Bits: [0x000001d8f9580000, 0x000001d8fd540000)

Polling page: 0x000001d8e07d0000

Metaspace:

Usage:
  Non-class:     16.51 MB used.
      Class:      1.39 MB used.
       Both:     17.90 MB used.

Virtual space:
  Non-class space:       64.00 MB reserved,      16.62 MB ( 26%) committed,  1 nodes.
      Class space:        1.00 GB reserved,       1.50 MB ( <1%) committed,  1 nodes.
             Both:        1.06 GB reserved,      18.12 MB (  2%) committed. 

Chunk freelists:
   Non-Class:  14.77 MB
       Class:  14.48 MB
        Both:  29.25 MB

MaxMetaspaceSize: unlimited
CompressedClassSpaceSize: 1.00 GB
Initial GC threshold: 21.00 MB
Current GC threshold: 30.00 MB
CDS: on
 - commit_granule_bytes: 65536.
 - commit_granule_words: 8192.
 - virtual_space_node_default_size: 8388608.
 - enlarge_chunks_in_place: 1.
 - use_allocation_guard: 0.


Internal statistics:

num_allocs_failed_limit: 0.
num_arena_births: 214.
num_arena_deaths: 0.
num_vsnodes_births: 2.
num_vsnodes_deaths: 0.
num_space_committed: 286.
num_space_uncommitted: 0.
num_chunks_returned_to_freelist: 0.
num_chunks_taken_from_freelist: 540.
num_chunk_merges: 0.
num_chunk_splits: 378.
num_chunks_enlarged: 267.
num_inconsistent_stats: 0.

CodeHeap 'non-profiled nmethods': size=120000Kb used=1254Kb max_used=1254Kb free=118745Kb
 bounds [0x000001d8f0f40000, 0x000001d8f11b0000, 0x000001d8f8470000]
CodeHeap 'profiled nmethods': size=120000Kb used=4994Kb max_used=4994Kb free=115005Kb
 bounds [0x000001d8e9470000, 0x000001d8e9960000, 0x000001d8f09a0000]
CodeHeap 'non-nmethods': size=5760Kb used=2175Kb max_used=2219Kb free=3584Kb
 bounds [0x000001d8f09a0000, 0x000001d8f0c10000, 0x000001d8f0f40000]
 total_blobs=3616 nmethods=2547 adapters=973
 compilation: enabled
              stopped_count=0, restarted_count=0
 full_count=0

Compilation events (20 events):
Event: 231.502 Thread 0x000001d8ffd61050 nmethod 2833 0x000001d8f1078e90 code [0x000001d8f1079020, 0x000001d8f1079228]
Event: 231.640 Thread 0x000001d8ffd61f00 2834       3       jogamp.opengl.gl4.GL4bcImpl::getGL4 (20 bytes)
Event: 231.640 Thread 0x000001d8ffd61f00 nmethod 2834 0x000001d8e9936e10 code [0x000001d8e9936fe0, 0x000001d8e9937370]
Event: 231.651 Thread 0x000001d8ffd61f00 2835       3       java.io.OutputStreamWriter::write (11 bytes)
Event: 231.652 Thread 0x000001d8ffd61f00 nmethod 2835 0x000001d8e9937510 code [0x000001d8e99376c0, 0x000001d8e9937838]
Event: 231.652 Thread 0x000001d8ffd61f00 2836       3       sun.nio.cs.SingleByte$Encoder::encodeLoop (28 bytes)
Event: 231.652 Thread 0x000001d8ffd61f00 nmethod 2836 0x000001d8e9937910 code [0x000001d8e9937b00, 0x000001d8e9937f28]
Event: 231.652 Thread 0x000001d8ffd61f00 2837       3       sun.nio.cs.StreamEncoder::lockedFlushBuffer (25 bytes)
Event: 231.652 Thread 0x000001d8ffd61f00 nmethod 2837 0x000001d8e9938090 code [0x000001d8e9938280, 0x000001d8e9938650]
Event: 231.652 Thread 0x000001d8ffd61f00 2840       3       sun.nio.cs.StreamEncoder::writeBytes (139 bytes)
Event: 231.653 Thread 0x000001d8ffd61f00 nmethod 2840 0x000001d8e9938810 code [0x000001d8e9938aa0, 0x000001d8e99394d8]
Event: 231.653 Thread 0x000001d8ffd61f00 2838   !   3       java.io.PrintStream::write (94 bytes)
Event: 231.654 Thread 0x000001d8ffd61f00 nmethod 2838 0x000001d8e9939910 code [0x000001d8e9939c60, 0x000001d8e993b1e8]
Event: 231.654 Thread 0x000001d8ffd61f00 2839       3       java.io.PrintStream::implWrite (29 bytes)
Event: 231.654 Thread 0x000001d8ffd61f00 nmethod 2839 0x000001d8e993bd10 code [0x000001d8e993bf00, 0x000001d8e993c378]
Event: 231.654 Thread 0x000001d8ffd61f00 2842   !   3       sun.nio.cs.StreamEncoder::flushBuffer (63 bytes)
Event: 231.654 Thread 0x000001d8ffd61f00 nmethod 2842 0x000001d8e993c510 code [0x000001d8e993c840, 0x000001d8e993dcb0]
Event: 231.655 Thread 0x000001d8ffd61f00 2841       3       java.lang.StackTraceElement::toString (298 bytes)
Event: 231.656 Thread 0x000001d8ffd61f00 nmethod 2841 0x000001d8e993e510 code [0x000001d8e993e9c0, 0x000001d8e9940a58]
Event: 232.164 Thread 0x000001d8ffd61050 2843       4       java.awt.Component::dispatchEventImpl (785 bytes)

GC Heap History (18 events):
Event: 2.031 GC heap before
{Heap before GC invocations=0 (full 0):
 garbage-first heap   total 262144K, used 18432K [0x0000000701000000, 0x0000000800000000)
  region size 2048K, 10 young (20480K), 0 survivors (0K)
 Metaspace       used 9684K, committed 9856K, reserved 1114112K
  class space    used 715K, committed 768K, reserved 1048576K
}
Event: 2.040 GC heap after
{Heap after GC invocations=1 (full 0):
 garbage-first heap   total 262144K, used 3072K [0x0000000701000000, 0x0000000800000000)
  region size 2048K, 2 young (4096K), 2 survivors (4096K)
 Metaspace       used 9684K, committed 9856K, reserved 1114112K
  class space    used 715K, committed 768K, reserved 1048576K
}
Event: 2.891 GC heap before
{Heap before GC invocations=1 (full 0):
 garbage-first heap   total 262144K, used 56320K [0x0000000701000000, 0x0000000800000000)
  region size 2048K, 16 young (32768K), 2 survivors (4096K)
 Metaspace       used 10712K, committed 10880K, reserved 1114112K
  class space    used 804K, committed 896K, reserved 1048576K
}
Event: 2.895 GC heap after
{Heap after GC invocations=2 (full 0):
 garbage-first heap   total 262144K, used 30161K [0x0000000701000000, 0x0000000800000000)
  region size 2048K, 2 young (4096K), 2 survivors (4096K)
 Metaspace       used 10712K, committed 10880K, reserved 1114112K
  class space    used 804K, committed 896K, reserved 1048576K
}
Event: 3.054 GC heap before
{Heap before GC invocations=2 (full 0):
 garbage-first heap   total 262144K, used 206289K [0x0000000701000000, 0x0000000800000000)
  region size 2048K, 63 young (129024K), 2 survivors (4096K)
 Metaspace       used 10740K, committed 10944K, reserved 1114112K
  class space    used 807K, committed 896K, reserved 1048576K
}
Event: 3.079 GC heap after
{Heap after GC invocations=3 (full 0):
 garbage-first heap   total 278528K, used 149414K [0x0000000701000000, 0x0000000800000000)
  region size 2048K, 8 young (16384K), 8 survivors (16384K)
 Metaspace       used 10740K, committed 10944K, reserved 1114112K
  class space    used 807K, committed 896K, reserved 1048576K
}
Event: 3.085 GC heap before
{Heap before GC invocations=3 (full 0):
 garbage-first heap   total 278528K, used 161702K [0x0000000701000000, 0x0000000800000000)
  region size 2048K, 15 young (30720K), 8 survivors (16384K)
 Metaspace       used 10740K, committed 10944K, reserved 1114112K
  class space    used 807K, committed 896K, reserved 1048576K
}
Event: 3.089 GC heap after
{Heap after GC invocations=4 (full 0):
 garbage-first heap   total 278528K, used 151982K [0x0000000701000000, 0x0000000800000000)
  region size 2048K, 1 young (2048K), 1 survivors (2048K)
 Metaspace       used 10740K, committed 10944K, reserved 1114112K
  class space    used 807K, committed 896K, reserved 1048576K
}
Event: 3.284 GC heap before
{Heap before GC invocations=5 (full 0):
 garbage-first heap   total 294912K, used 223662K [0x0000000701000000, 0x0000000800000000)
  region size 2048K, 30 young (61440K), 1 survivors (2048K)
 Metaspace       used 12453K, committed 12672K, reserved 1114112K
  class space    used 1026K, committed 1152K, reserved 1048576K
}
Event: 3.285 GC heap after
{Heap after GC invocations=6 (full 0):
 garbage-first heap   total 294912K, used 164861K [0x0000000701000000, 0x0000000800000000)
  region size 2048K, 1 young (2048K), 1 survivors (2048K)
 Metaspace       used 12453K, committed 12672K, reserved 1114112K
  class space    used 1026K, committed 1152K, reserved 1048576K
}
Event: 3.354 GC heap before
{Heap before GC invocations=6 (full 0):
 garbage-first heap   total 294912K, used 232445K [0x0000000701000000, 0x0000000800000000)
  region size 2048K, 34 young (69632K), 1 survivors (2048K)
 Metaspace       used 12461K, committed 12672K, reserved 1114112K
  class space    used 1026K, committed 1152K, reserved 1048576K
}
Event: 3.354 GC heap after
{Heap after GC invocations=7 (full 0):
 garbage-first heap   total 294912K, used 145316K [0x0000000701000000, 0x0000000800000000)
  region size 2048K, 1 young (2048K), 1 survivors (2048K)
 Metaspace       used 12461K, committed 12672K, reserved 1114112K
  class space    used 1026K, committed 1152K, reserved 1048576K
}
Event: 3.747 GC heap before
{Heap before GC invocations=7 (full 0):
 garbage-first heap   total 294912K, used 155556K [0x0000000701000000, 0x0000000800000000)
  region size 2048K, 7 young (14336K), 1 survivors (2048K)
 Metaspace       used 17066K, committed 17344K, reserved 1114112K
  class space    used 1385K, committed 1536K, reserved 1048576K
}
Event: 3.749 GC heap after
{Heap after GC invocations=8 (full 0):
 garbage-first heap   total 294912K, used 146067K [0x0000000701000000, 0x0000000800000000)
  region size 2048K, 1 young (2048K), 1 survivors (2048K)
 Metaspace       used 17066K, committed 17344K, reserved 1114112K
  class space    used 1385K, committed 1536K, reserved 1048576K
}
Event: 72.748 GC heap before
{Heap before GC invocations=9 (full 0):
 garbage-first heap   total 294912K, used 139923K [0x0000000701000000, 0x0000000800000000)
  region size 2048K, 4 young (8192K), 1 survivors (2048K)
 Metaspace       used 17922K, committed 18176K, reserved 1114112K
  class space    used 1416K, committed 1536K, reserved 1048576K
}
Event: 72.774 GC heap after
{Heap after GC invocations=10 (full 1):
 garbage-first heap   total 294912K, used 106044K [0x0000000701000000, 0x0000000800000000)
  region size 2048K, 0 young (0K), 0 survivors (0K)
 Metaspace       used 17922K, committed 18176K, reserved 1114112K
  class space    used 1416K, committed 1536K, reserved 1048576K
}
Event: 117.172 GC heap before
{Heap before GC invocations=10 (full 1):
 garbage-first heap   total 294912K, used 110140K [0x0000000701000000, 0x0000000800000000)
  region size 2048K, 3 young (6144K), 0 survivors (0K)
 Metaspace       used 18168K, committed 18432K, reserved 1114112K
  class space    used 1419K, committed 1536K, reserved 1048576K
}
Event: 117.238 GC heap after
{Heap after GC invocations=11 (full 2):
 garbage-first heap   total 294912K, used 106071K [0x0000000701000000, 0x0000000800000000)
  region size 2048K, 0 young (0K), 0 survivors (0K)
 Metaspace       used 18168K, committed 18432K, reserved 1114112K
  class space    used 1419K, committed 1536K, reserved 1048576K
}

Dll operation events (16 events):
Event: 0.006 Loaded shared library C:\Program Files\Java\jdk-21\bin\java.dll
Event: 0.031 Loaded shared library C:\Program Files\Java\jdk-21\bin\jsvml.dll
Event: 0.508 Loaded shared library C:\Program Files\Java\jdk-21\bin\net.dll
Event: 0.509 Loaded shared library C:\Program Files\Java\jdk-21\bin\nio.dll
Event: 0.515 Loaded shared library C:\Program Files\Java\jdk-21\bin\zip.dll
Event: 0.658 Loaded shared library C:\Program Files\Java\jdk-21\bin\jimage.dll
Event: 0.874 Loaded shared library C:\Users\mypc\AppData\Local\Temp\jogamp_0000\file_cache\jln16135553545752386647\jln14314457172087289987\natives\windows-amd64\gluegen_rt.dll
Event: 0.912 Loaded shared library C:\Program Files\Java\jdk-21\bin\awt.dll
Event: 0.959 Loaded shared library C:\Program Files\Java\jdk-21\bin\jawt.dll
Event: 0.961 Loaded shared library C:\Users\mypc\AppData\Local\Temp\jogamp_0000\file_cache\jln16135553545752386647\jln14314457172087289987\natives\windows-amd64\nativewindow_awt.dll
Event: 1.127 Loaded shared library C:\Users\mypc\AppData\Local\Temp\jogamp_0000\file_cache\jln16135553545752386647\jln14314457172087289987\natives\windows-amd64\nativewindow_win32.dll
Event: 1.240 Loaded shared library C:\Users\mypc\AppData\Local\Temp\jogamp_0000\file_cache\jln16135553545752386647\jln14314457172087289987\natives\windows-amd64\jogl_desktop.dll
Event: 1.508 Loaded shared library C:\Users\mypc\AppData\Local\Temp\jogamp_0000\file_cache\jln16135553545752386647\jln14314457172087289987\natives\windows-amd64\jogl_mobile.dll
Event: 2.875 Loaded shared library C:\Program Files\Java\jdk-21\bin\verify.dll
Event: 3.367 Loaded shared library C:\Program Files\Java\jdk-21\bin\freetype.dll
Event: 3.368 Loaded shared library C:\Program Files\Java\jdk-21\bin\fontmanager.dll

Deoptimization events (20 events):
Event: 231.651 Thread 0x000001d8c5b012e0 DEOPT PACKING pc=0x000001d8e9911cec sp=0x00000015f77fe700
Event: 231.651 Thread 0x000001d8c5b012e0 DEOPT UNPACKING pc=0x000001d8f09f4e42 sp=0x00000015f77fdc58 mode 1
Event: 231.651 Thread 0x000001d8c5b012e0 DEOPT PACKING pc=0x000001d8e9921584 sp=0x00000015f77fe9a0
Event: 231.651 Thread 0x000001d8c5b012e0 DEOPT UNPACKING pc=0x000001d8f09f4e42 sp=0x00000015f77fde78 mode 1
Event: 231.651 Thread 0x000001d8c5b012e0 DEOPT PACKING pc=0x000001d8e99209dc sp=0x00000015f77fea40
Event: 231.651 Thread 0x000001d8c5b012e0 DEOPT UNPACKING pc=0x000001d8f09f4e42 sp=0x00000015f77fded0 mode 1
Event: 231.651 Thread 0x000001d8c5b012e0 DEOPT PACKING pc=0x000001d8f104cac8 sp=0x00000015f77fea70
Event: 231.651 Thread 0x000001d8c5b012e0 DEOPT UNPACKING pc=0x000001d8f09f4e42 sp=0x00000015f77fdec0 mode 1
Event: 231.651 Thread 0x000001d8c5b012e0 DEOPT PACKING pc=0x000001d8e94afb94 sp=0x00000015f77fed30
Event: 231.651 Thread 0x000001d8c5b012e0 DEOPT UNPACKING pc=0x000001d8f09f4e42 sp=0x00000015f77fe1d0 mode 1
Event: 231.651 Thread 0x000001d8c5b012e0 DEOPT PACKING pc=0x000001d8e97b8bcc sp=0x00000015f77fed80
Event: 231.651 Thread 0x000001d8c5b012e0 DEOPT UNPACKING pc=0x000001d8f09f4e42 sp=0x00000015f77fe210 mode 1
Event: 231.651 Thread 0x000001d8c5b012e0 DEOPT PACKING pc=0x000001d8f106fba8 sp=0x00000015f77fedc0
Event: 231.651 Thread 0x000001d8c5b012e0 DEOPT UNPACKING pc=0x000001d8f09f4e42 sp=0x00000015f77fe1c0 mode 1
Event: 231.651 Thread 0x000001d8c5b012e0 DEOPT PACKING pc=0x000001d8f104cac8 sp=0x00000015f77fee30
Event: 231.651 Thread 0x000001d8c5b012e0 DEOPT UNPACKING pc=0x000001d8f09f4e42 sp=0x00000015f77fe260 mode 1
Event: 231.651 Thread 0x000001d8c5b012e0 DEOPT PACKING pc=0x000001d8f1065b38 sp=0x00000015f77fef00
Event: 231.651 Thread 0x000001d8c5b012e0 DEOPT UNPACKING pc=0x000001d8f09f4e42 sp=0x00000015f77fe460 mode 1
Event: 231.651 Thread 0x000001d8c5b012e0 DEOPT PACKING pc=0x000001d8f10766a4 sp=0x00000015f77ff030
Event: 231.651 Thread 0x000001d8c5b012e0 DEOPT UNPACKING pc=0x000001d8f09f4e42 sp=0x00000015f77fe510 mode 1

Classes loaded (20 events):
Event: 43.578 Loading class java/awt/event/MouseWheelEvent
Event: 43.578 Loading class java/awt/event/MouseWheelEvent done
Event: 47.511 Loading class java/awt/LightweightDispatcher$2
Event: 47.511 Loading class java/awt/LightweightDispatcher$2 done
Event: 75.238 Loading class javax/swing/event/ChangeEvent
Event: 75.238 Loading class javax/swing/event/ChangeEvent done
Event: 75.391 Loading class javax/swing/ClientPropertyKey
Event: 75.391 Loading class javax/swing/ClientPropertyKey done
Event: 75.391 Loading class javax/swing/ClientPropertyKey$1
Event: 75.391 Loading class sun/awt/AWTAccessor$ClientPropertyKeyAccessor
Event: 75.391 Loading class sun/awt/AWTAccessor$ClientPropertyKeyAccessor done
Event: 75.391 Loading class javax/swing/ClientPropertyKey$1 done
Event: 75.928 Loading class java/security/DomainCombiner
Event: 75.928 Loading class java/security/DomainCombiner done
Event: 230.053 Loading class java/lang/Throwable$WrappedPrintStream
Event: 230.058 Loading class java/lang/Throwable$PrintStreamOrWriter
Event: 230.059 Loading class java/lang/Throwable$PrintStreamOrWriter done
Event: 230.059 Loading class java/lang/Throwable$WrappedPrintStream done
Event: 230.062 Loading class java/lang/StackTraceElement$HashedModules
Event: 230.063 Loading class java/lang/StackTraceElement$HashedModules done

Classes unloaded (0 events):
No events

Classes redefined (0 events):
No events

Internal exceptions (20 events):
Event: 0.877 Thread 0x000001d8dedecbe0 Exception <a 'java/lang/NoSuchMethodError'{0x0000000710b7e9f0}: 'int java.lang.invoke.DelegatingMethodHandle$Holder.reinvoke_L(java.lang.Object)'> (0x0000000710b7e9f0) 
thrown [s\open\src\hotspot\share\interpreter\linkResolver.cpp, line 773]
Event: 0.907 Thread 0x000001d8dedecbe0 Exception <a 'java/lang/ClassNotFoundException'{0x00000007108ca680}: sun/awt/resources/spi/awtProvider> (0x00000007108ca680) 
thrown [s\open\src\hotspot\share\classfile\systemDictionary.cpp, line 312]
Event: 0.919 Thread 0x000001d8dedecbe0 Exception <a 'java/io/FileNotFoundException'{0x0000000710913ba8}> (0x0000000710913ba8) 
thrown [s\open\src\hotspot\share\prims\jni.cpp, line 520]
Event: 0.923 Thread 0x000001d8dedecbe0 Exception <a 'java/io/FileNotFoundException'{0x000000071093dea8}> (0x000000071093dea8) 
thrown [s\open\src\hotspot\share\prims\jni.cpp, line 520]
Event: 1.109 Thread 0x000001d8dedecbe0 Exception <a 'java/lang/NoSuchMethodError'{0x0000000710698c50}: 'java.lang.Object java.lang.invoke.DirectMethodHandle$Holder.invokeInterface(java.lang.Object, java.lang.Object)'> (0x0000000710698c50) 
thrown [s\open\src\hotspot\share\interpreter\linkResolver.cpp, line 773]
Event: 1.109 Thread 0x000001d8dedecbe0 Exception <a 'java/lang/IncompatibleClassChangeError'{0x000000071069c1f8}: Found class java.lang.Object, but interface was expected> (0x000000071069c1f8) 
thrown [s\open\src\hotspot\share\interpreter\linkResolver.cpp, line 840]
Event: 1.242 Thread 0x000001d8dedecbe0 Exception <a 'java/lang/NoSuchMethodError'{0x00000007103ca858}: 'long java.lang.invoke.DelegatingMethodHandle$Holder.reinvoke_L(java.lang.Object, java.lang.Object)'> (0x00000007103ca858) 
thrown [s\open\src\hotspot\share\interpreter\linkResolver.cpp, line 773]
Event: 1.244 Thread 0x000001d8dedecbe0 Exception <a 'java/lang/NoSuchMethodError'{0x00000007103d4618}: 'void java.lang.invoke.DelegatingMethodHandle$Holder.reinvoke_L(java.lang.Object, java.lang.Object, long)'> (0x00000007103d4618) 
thrown [s\open\src\hotspot\share\interpreter\linkResolver.cpp, line 773]
Event: 2.135 Thread 0x000001d8c5b005c0 Exception <a 'java/lang/NoSuchMethodError'{0x0000000710af2d78}: 'void java.lang.invoke.DirectMethodHandle$Holder.invokeSpecial(java.lang.Object, java.lang.Object, java.lang.Object)'> (0x0000000710af2d78) 
thrown [s\open\src\hotspot\share\interpreter\linkResolver.cpp, line 773]
Event: 2.142 Thread 0x000001d8c5b005c0 Exception <a 'java/lang/NoSuchMethodError'{0x0000000710b090b8}: 'long java.lang.invoke.Invokers$Holder.invokeExact_MT(java.lang.Object, java.lang.Object, java.lang.Object)'> (0x0000000710b090b8) 
thrown [s\open\src\hotspot\share\interpreter\linkResolver.cpp, line 773]
Event: 3.203 Thread 0x000001d8dedecbe0 Exception <a 'java/lang/NoSuchMethodError'{0x00000007114d85f0}: 'java.lang.Object java.lang.invoke.DirectMethodHandle$Holder.newInvokeSpecial(java.lang.Object, java.lang.Object, java.lang.Object, java.lang.Object, java.lang.Object)'> (0x00000007114d85f0) 
thrown [s\open\src\hotspot\share\interpreter\linkResolver.cpp, line 773]
Event: 3.207 Thread 0x000001d8dedecbe0 Exception <a 'java/lang/NoSuchMethodError'{0x0000000711572228}: 'java.lang.Object java.lang.invoke.DirectMethodHandle$Holder.invokeStatic(java.lang.Object, int, java.lang.Object)'> (0x0000000711572228) 
thrown [s\open\src\hotspot\share\interpreter\linkResolver.cpp, line 773]
Event: 3.223 Thread 0x000001d8dedecbe0 Exception <a 'java/lang/ClassNotFoundException'{0x00000007112154b8}: com/sun/swing/internal/plaf/metal/resources/spi/metalProvider> (0x00000007112154b8) 
thrown [s\open\src\hotspot\share\classfile\systemDictionary.cpp, line 312]
Event: 3.224 Thread 0x000001d8dedecbe0 Exception <a 'java/lang/ClassNotFoundException'{0x0000000711219398}: com/sun/swing/internal/plaf/basic/resources/spi/basicProvider> (0x0000000711219398) 
thrown [s\open\src\hotspot\share\classfile\systemDictionary.cpp, line 312]
Event: 3.229 Thread 0x000001d8dedecbe0 Implicit null exception at 0x000001d8f0f9c6e6 to 0x000001d8f0f9c78a
Event: 3.231 Thread 0x000001d8dedecbe0 Exception <a 'java/lang/NoSuchMethodError'{0x0000000711234418}: 'int java.lang.invoke.Invokers$Holder.invokeExact_MT(java.lang.Object, java.lang.Object)'> (0x0000000711234418) 
thrown [s\open\src\hotspot\share\interpreter\linkResolver.cpp, line 773]
Event: 3.231 Thread 0x000001d8dedecbe0 Implicit null exception at 0x000001d8f0f9e8bf to 0x000001d8f0f9ec8c
Event: 3.231 Thread 0x000001d8dedecbe0 Implicit null exception at 0x000001d8f0f90b3f to 0x000001d8f0f90edc
Event: 3.460 Thread 0x000001d8dedecbe0 Exception <a 'java/lang/NoSuchMethodError'{0x0000000711ed8058}: 'void java.lang.invoke.DirectMethodHandle$Holder.invokeStaticInit(java.lang.Object)'> (0x0000000711ed8058) 
thrown [s\open\src\hotspot\share\interpreter\linkResolver.cpp, line 773]
Event: 3.498 Thread 0x000001d8ffd4e860 Exception <a 'java/lang/NoSuchMethodError'{0x0000000711f8de10}: 'void java.lang.invoke.DirectMethodHandle$Holder.invokeVirtual(java.lang.Object, java.lang.Object)'> (0x0000000711f8de10) 
thrown [s\open\src\hotspot\share\interpreter\linkResolver.cpp, line 773]

ZGC Phase Switch (0 events):
No events

VM Operations (20 events):
Event: 120.230 Executing VM operation: RendezvousGCThreads
Event: 120.230 Executing VM operation: RendezvousGCThreads done
Event: 121.242 Executing VM operation: Cleanup
Event: 121.242 Executing VM operation: Cleanup done
Event: 125.282 Executing VM operation: Cleanup
Event: 125.282 Executing VM operation: Cleanup done
Event: 141.418 Executing VM operation: Cleanup
Event: 141.433 Executing VM operation: Cleanup done
Event: 142.439 Executing VM operation: Cleanup
Event: 142.439 Executing VM operation: Cleanup done
Event: 143.452 Executing VM operation: Cleanup
Event: 143.452 Executing VM operation: Cleanup done
Event: 145.481 Executing VM operation: Cleanup
Event: 145.481 Executing VM operation: Cleanup done
Event: 228.279 Executing VM operation: Cleanup
Event: 228.279 Executing VM operation: Cleanup done
Event: 230.288 Executing VM operation: Cleanup
Event: 230.288 Executing VM operation: Cleanup done
Event: 231.301 Executing VM operation: Cleanup
Event: 231.301 Executing VM operation: Cleanup done

Events (20 events):
Event: 117.215 Thread 0x000001d8ffd28f70 flushing nmethod 0x000001d8e9509d10
Event: 117.215 Thread 0x000001d8ffd28f70 flushing nmethod 0x000001d8e94e1f10
Event: 117.215 Thread 0x000001d8ffd28f70 flushing nmethod 0x000001d8e94f5f10
Event: 117.215 Thread 0x000001d8ffd28f70 flushing nmethod 0x000001d8e94d3d10
Event: 117.215 Thread 0x000001d8ffd28f70 flushing nmethod 0x000001d8e94b0990
Event: 117.215 Thread 0x000001d8ffd28f70 flushing nmethod 0x000001d8e94af290
Event: 117.215 Thread 0x000001d8ffd28f70 flushing nmethod 0x000001d8e94c3510
Event: 117.215 Thread 0x000001d8ffd28f70 flushing nmethod 0x000001d8e94cff90
Event: 117.215 Thread 0x000001d8ffd28f70 flushing nmethod 0x000001d8e94b3d10
Event: 117.215 Thread 0x000001d8ffd28f70 flushing nmethod 0x000001d8e9495310
Event: 117.215 Thread 0x000001d8ffd28f70 flushing nmethod 0x000001d8f0ffe710
Event: 117.215 Thread 0x000001d8ffd28f70 flushing nmethod 0x000001d8e9480b10
Event: 117.215 Thread 0x000001d8ffd28f70 flushing nmethod 0x000001d8e9479790
Event: 117.215 Thread 0x000001d8ffd28f70 flushing nmethod 0x000001d8e9487110
Event: 117.215 Thread 0x000001d8ffd28f70 flushing nmethod 0x000001d8e9485c10
Event: 117.215 Thread 0x000001d8ffd28f70 flushing nmethod 0x000001d8e947c090
Event: 117.215 Thread 0x000001d8ffd28f70 flushing nmethod 0x000001d8f1017a10
Event: 117.215 Thread 0x000001d8ffd28f70 flushing nmethod 0x000001d8f1010390
Event: 117.215 Thread 0x000001d8ffd28f70 flushing nmethod 0x000001d8f0f9d510
Event: 117.215 Thread 0x000001d8ffd28f70 flushing nmethod 0x000001d8f0f8e510


Dynamic libraries:
0x00007ff786c10000 - 0x00007ff786c20000 	C:\Program Files\Java\jdk-21\bin\java.exe
0x00007ffae0970000 - 0x00007ffae0b68000 	C:\Windows\SYSTEM32\ntdll.dll
0x00007ffade9a0000 - 0x00007ffadea5d000 	C:\Windows\System32\KERNEL32.DLL
0x00007ffade050000 - 0x00007ffade346000 	C:\Windows\System32\KERNELBASE.dll
0x00007ffade780000 - 0x00007ffade880000 	C:\Windows\System32\ucrtbase.dll
0x00007ffad9c00000 - 0x00007ffad9c1b000 	C:\Program Files\Java\jdk-21\bin\VCRUNTIME140.dll
0x00007ffad1cb0000 - 0x00007ffad1cc9000 	C:\Program Files\Java\jdk-21\bin\jli.dll
0x00007ffadeed0000 - 0x00007ffadef80000 	C:\Windows\System32\ADVAPI32.dll
0x00007ffae0670000 - 0x00007ffae070e000 	C:\Windows\System32\msvcrt.dll
0x00007ffaded70000 - 0x00007ffadee10000 	C:\Windows\System32\sechost.dll
0x00007ffadec10000 - 0x00007ffaded35000 	C:\Windows\System32\RPCRT4.dll
0x00007ffade550000 - 0x00007ffade577000 	C:\Windows\System32\bcrypt.dll
0x00007ffadfab0000 - 0x00007ffadfc4e000 	C:\Windows\System32\USER32.dll
0x00007ffade020000 - 0x00007ffade042000 	C:\Windows\System32\win32u.dll
0x00007ffaca230000 - 0x00007ffaca4ca000 	C:\Windows\WinSxS\amd64_microsoft.windows.common-controls_6595b64144ccf1df_6.0.19041.3636_none_60b6a03d71f818d5\COMCTL32.dll
0x00007ffae08c0000 - 0x00007ffae08eb000 	C:\Windows\System32\GDI32.dll
0x00007ffade430000 - 0x00007ffade547000 	C:\Windows\System32\gdi32full.dll
0x00007ffade580000 - 0x00007ffade61d000 	C:\Windows\System32\msvcp_win.dll
0x00007ffad7f30000 - 0x00007ffad7f3a000 	C:\Windows\SYSTEM32\VERSION.dll
0x00007ffae08f0000 - 0x00007ffae0922000 	C:\Windows\System32\IMM32.DLL
0x00007ffadb5e0000 - 0x00007ffadb5ec000 	C:\Program Files\Java\jdk-21\bin\vcruntime140_1.dll
0x00007ffac4000000 - 0x00007ffac408e000 	C:\Program Files\Java\jdk-21\bin\msvcp140.dll
0x00007ffaa7e90000 - 0x00007ffaa8ba7000 	C:\Program Files\Java\jdk-21\bin\server\jvm.dll
0x00007ffae0600000 - 0x00007ffae066b000 	C:\Windows\System32\WS2_32.dll
0x00007ffadd530000 - 0x00007ffadd57b000 	C:\Windows\SYSTEM32\POWRPROF.dll
0x00007ffad55b0000 - 0x00007ffad55d7000 	C:\Windows\SYSTEM32\WINMM.dll
0x00007ffadd3f0000 - 0x00007ffadd402000 	C:\Windows\SYSTEM32\UMPDC.dll
0x00007ffadbeb0000 - 0x00007ffadbec2000 	C:\Windows\SYSTEM32\kernel.appcore.dll
0x00007ffad9b80000 - 0x00007ffad9b8a000 	C:\Program Files\Java\jdk-21\bin\jimage.dll
0x00007ffad4c70000 - 0x00007ffad4e54000 	C:\Windows\SYSTEM32\DBGHELP.DLL
0x00007ffabb370000 - 0x00007ffabb3a4000 	C:\Windows\SYSTEM32\dbgcore.DLL
0x00007ffade3a0000 - 0x00007ffade422000 	C:\Windows\System32\bcryptPrimitives.dll
0x00007ffacdb90000 - 0x00007ffacdbcc000 	C:\Program Files\Java\jdk-21\bin\jdwp.dll
0x00007ffad1bf0000 - 0x00007ffad1c0f000 	C:\Program Files\Java\jdk-21\bin\java.dll
0x00007ffadf2d0000 - 0x00007ffadfa3b000 	C:\Windows\System32\SHELL32.dll
0x00007ffadc0b0000 - 0x00007ffadc84e000 	C:\Windows\SYSTEM32\windows.storage.dll
0x00007ffae0190000 - 0x00007ffae04e3000 	C:\Windows\System32\combase.dll
0x00007ffadd970000 - 0x00007ffadd99e000 	C:\Windows\SYSTEM32\Wldp.dll
0x00007ffadfc50000 - 0x00007ffadfd1d000 	C:\Windows\System32\OLEAUT32.dll
0x00007ffadee20000 - 0x00007ffadeecd000 	C:\Windows\System32\SHCORE.dll
0x00007ffadf270000 - 0x00007ffadf2c5000 	C:\Windows\System32\shlwapi.dll
0x00007ffaddf50000 - 0x00007ffaddf75000 	C:\Windows\SYSTEM32\profapi.dll
0x00007ffac34a0000 - 0x00007ffac3577000 	C:\Program Files\Java\jdk-21\bin\jsvml.dll
0x00007ffad93a0000 - 0x00007ffad93ac000 	C:\Program Files\Java\jdk-21\bin\dt_socket.dll
0x00007ffadd410000 - 0x00007ffadd44b000 	C:\Windows\SYSTEM32\IPHLPAPI.DLL
0x00007ffadd750000 - 0x00007ffadd7ba000 	C:\Windows\system32\mswsock.dll
0x00007ffadd450000 - 0x00007ffadd51b000 	C:\Windows\SYSTEM32\DNSAPI.dll
0x00007ffadee10000 - 0x00007ffadee18000 	C:\Windows\System32\NSI.dll
0x00007ffad2040000 - 0x00007ffad204a000 	C:\Windows\System32\rasadhlp.dll
0x00007ffad7250000 - 0x00007ffad72d0000 	C:\Windows\System32\fwpuclnt.dll
0x00007ffad47d0000 - 0x00007ffad47e0000 	C:\Program Files\Java\jdk-21\bin\net.dll
0x00007ffad80d0000 - 0x00007ffad81da000 	C:\Windows\SYSTEM32\WINHTTP.dll
0x00007ffacd530000 - 0x00007ffacd546000 	C:\Program Files\Java\jdk-21\bin\nio.dll
0x00007ffacd510000 - 0x00007ffacd528000 	C:\Program Files\Java\jdk-21\bin\zip.dll
0x00007ffadd9b0000 - 0x00007ffadd9c8000 	C:\Windows\SYSTEM32\CRYPTSP.dll
0x00007ffadd030000 - 0x00007ffadd064000 	C:\Windows\system32\rsaenh.dll
0x00007ffadded0000 - 0x00007ffaddefe000 	C:\Windows\SYSTEM32\USERENV.dll
0x00007ffadd8e0000 - 0x00007ffadd8ec000 	C:\Windows\SYSTEM32\CRYPTBASE.dll
0x00007ffac5400000 - 0x00007ffac5413000 	C:\Users\mypc\AppData\Local\Temp\jogamp_0000\file_cache\jln16135553545752386647\jln14314457172087289987\natives\windows-amd64\gluegen_rt.dll
0x00007ffab8680000 - 0x00007ffab880f000 	C:\Program Files\Java\jdk-21\bin\awt.dll
0x00007ffadb800000 - 0x00007ffadb890000 	C:\Windows\SYSTEM32\apphelp.dll
0x00007ffadb9e0000 - 0x00007ffadba7e000 	C:\Windows\system32\uxtheme.dll
0x00007ffadf150000 - 0x00007ffadf265000 	C:\Windows\System32\MSCTF.dll
0x00007ffae0710000 - 0x00007ffae083b000 	C:\Windows\System32\ole32.dll
0x00007ffad2ab0000 - 0x00007ffad2ab7000 	C:\Program Files\Java\jdk-21\bin\jawt.dll
0x00007ffad2300000 - 0x00007ffad230d000 	C:\Users\mypc\AppData\Local\Temp\jogamp_0000\file_cache\jln16135553545752386647\jln14314457172087289987\natives\windows-amd64\nativewindow_awt.dll
0x00007ffadbbc0000 - 0x00007ffadbbef000 	C:\Windows\system32\DWMAPI.DLL
0x00007ffabbb30000 - 0x00007ffabbc55000 	C:\Windows\system32\opengl32.dll
0x00007ffac4b10000 - 0x00007ffac4b3c000 	C:\Windows\SYSTEM32\GLU32.dll
0x00007ffa80820000 - 0x00007ffa809ed000 	C:\Windows\system32\d3d9.dll
0x00007ffad6110000 - 0x00007ffad61ce000 	C:\Windows\System32\DriverStore\FileRepository\nv_dispig.inf_amd64_830091b3ebd4b98a\nvldumdx.dll
0x00007ffaddbe0000 - 0x00007ffaddbf2000 	C:\Windows\SYSTEM32\msasn1.dll
0x00007ffad7ef0000 - 0x00007ffad7f21000 	C:\Windows\SYSTEM32\cryptnet.dll
0x00007ffade620000 - 0x00007ffade77d000 	C:\Windows\System32\CRYPT32.dll
0x00007ffad7d40000 - 0x00007ffad7e88000 	C:\Windows\SYSTEM32\drvstore.dll
0x00007ffadddb0000 - 0x00007ffaddde3000 	C:\Windows\SYSTEM32\devobj.dll
0x00007ffade350000 - 0x00007ffade39e000 	C:\Windows\System32\cfgmgr32.dll
0x00007ffade930000 - 0x00007ffade997000 	C:\Windows\System32\wintrust.dll
0x00007ffaded50000 - 0x00007ffaded6d000 	C:\Windows\System32\imagehlp.dll
0x00007ffacf6f0000 - 0x00007ffad190d000 	C:\Windows\System32\DriverStore\FileRepository\nv_dispig.inf_amd64_830091b3ebd4b98a\nvgpucomp64.dll
0x00007ffa7d040000 - 0x00007ffa7f3ef000 	C:\Windows\System32\DriverStore\FileRepository\nv_dispig.inf_amd64_830091b3ebd4b98a\nvd3dumx.dll
0x00007ffa895f0000 - 0x00007ffa898c1000 	C:\Windows\system32\nvspcap64.dll
0x00007ffadd150000 - 0x00007ffadd183000 	C:\Windows\SYSTEM32\ntmarta.dll
0x00007ffadc860000 - 0x00007ffadc883000 	C:\Windows\SYSTEM32\gpapi.dll
0x00007ffad6530000 - 0x00007ffad656b000 	C:\Windows\SYSTEM32\dxcore.dll
0x00007ffac4a70000 - 0x00007ffac4a85000 	C:\Users\mypc\AppData\Local\Temp\jogamp_0000\file_cache\jln16135553545752386647\jln14314457172087289987\natives\windows-amd64\nativewindow_win32.dll
0x00007ffac3f70000 - 0x00007ffac3ff3000 	C:\Users\mypc\AppData\Local\Temp\jogamp_0000\file_cache\jln16135553545752386647\jln14314457172087289987\natives\windows-amd64\jogl_desktop.dll
0x00007ffac3bc0000 - 0x00007ffac3c12000 	C:\Users\mypc\AppData\Local\Temp\jogamp_0000\file_cache\jln16135553545752386647\jln14314457172087289987\natives\windows-amd64\jogl_mobile.dll
0x00007ffae0550000 - 0x00007ffae05f9000 	C:\Windows\System32\clbcatq.dll
0x00007ffad8df0000 - 0x00007ffad8ef3000 	C:\Windows\System32\AppXDeploymentClient.dll
0x00007ffaa51e0000 - 0x00007ffaa7e81000 	C:\Windows\System32\DriverStore\FileRepository\nv_dispig.inf_amd64_830091b3ebd4b98a\nvoglv64.dll
0x00007ffadfd20000 - 0x00007ffae018e000 	C:\Windows\System32\SETUPAPI.dll
0x00007ffad9b60000 - 0x00007ffad9b74000 	C:\Windows\SYSTEM32\WTSAPI32.dll
0x00007ffadccc0000 - 0x00007ffadcd1b000 	C:\Windows\SYSTEM32\WINSTA.dll
0x00007ffad2120000 - 0x00007ffad2130000 	C:\Program Files\Java\jdk-21\bin\verify.dll
0x00007ffac2c00000 - 0x00007ffac2c87000 	C:\Program Files\Java\jdk-21\bin\freetype.dll
0x00007ffab8590000 - 0x00007ffab8672000 	C:\Program Files\Java\jdk-21\bin\fontmanager.dll
0x00007ffacc690000 - 0x00007ffacc789000 	C:\Windows\SYSTEM32\textinputframework.dll
0x00007ffadb180000 - 0x00007ffadb4db000 	C:\Windows\System32\CoreUIComponents.dll
0x00007ffad9e20000 - 0x00007ffad9f75000 	C:\Windows\SYSTEM32\wintypes.dll
0x00007ffadb4e0000 - 0x00007ffadb5d2000 	C:\Windows\System32\CoreMessaging.dll

dbghelp: loaded successfully - version: 4.0.5 - missing functions: none
symbol engine: initialized successfully - sym options: 0x614 - pdb path: .;C:\Program Files\Java\jdk-21\bin;C:\Windows\SYSTEM32;C:\Windows\WinSxS\amd64_microsoft.windows.common-controls_6595b64144ccf1df_6.0.19041.3636_none_60b6a03d71f818d5;C:\Program Files\Java\jdk-21\bin\server;C:\Users\mypc\AppData\Local\Temp\jogamp_0000\file_cache\jln16135553545752386647\jln14314457172087289987\natives\windows-amd64;C:\Windows\System32\DriverStore\FileRepository\nv_dispig.inf_amd64_830091b3ebd4b98a

VM Arguments:
jvm_args: -agentlib:jdwp=transport=dt_socket,server=n,suspend=y,address=localhost:60023 --enable-preview -XX:+ShowCodeDetailsInExceptionMessages 
java_command: App
java_class_path (initial): E:\java\opengltest\bin;e:\java\lib\jogl-all.jar;d:\Download\joml-1.10.5.jar;e:\java\lib\gluegen-rt-android.jar;e:\java\lib\jogl-all-natives-windows-amd64.jar;e:\java\lib\gluegen-rt-natives-windows-amd64.jar
Launcher Type: SUN_STANDARD

[Global flags]
     intx CICompilerCount                          = 3                                         {product} {ergonomic}
     uint ConcGCThreads                            = 2                                         {product} {ergonomic}
     uint G1ConcRefinementThreads                  = 6                                         {product} {ergonomic}
   size_t G1HeapRegionSize                         = 2097152                                   {product} {ergonomic}
    uintx GCDrainStackTargetSize                   = 64                                        {product} {ergonomic}
   size_t InitialHeapSize                          = 268435456                                 {product} {ergonomic}
   size_t MarkStackSize                            = 4194304                                   {product} {ergonomic}
   size_t MaxHeapSize                              = 4278190080                                {product} {ergonomic}
   size_t MaxNewSize                               = 2566914048                                {product} {ergonomic}
   size_t MinHeapDeltaBytes                        = 2097152                                   {product} {ergonomic}
   size_t MinHeapSize                              = 8388608                                   {product} {ergonomic}
    uintx NonNMethodCodeHeapSize                   = 5832780                                {pd product} {ergonomic}
    uintx NonProfiledCodeHeapSize                  = 122912730                              {pd product} {ergonomic}
    uintx ProfiledCodeHeapSize                     = 122912730                              {pd product} {ergonomic}
    uintx ReservedCodeCacheSize                    = 251658240                              {pd product} {ergonomic}
     bool SegmentedCodeCache                       = true                                      {product} {ergonomic}
     bool ShowCodeDetailsInExceptionMessages       = true                                   {manageable} {command line}
   size_t SoftMaxHeapSize                          = 4278190080                             {manageable} {ergonomic}
     bool UseCompressedOops                        = true                           {product lp64_product} {ergonomic}
     bool UseG1GC                                  = true                                      {product} {ergonomic}
     bool UseLargePagesIndividualAllocation        = false                                  {pd product} {ergonomic}

Logging:
Log output configuration:
 #0: stdout all=warning uptime,level,tags foldmultilines=false
 #1: stderr all=off uptime,level,tags foldmultilines=false

Environment Variables:
JAVA_HOME=C:\Program Files\Java\jdk-21
PATH=C:\Users\mypc\AppData\Roaming\Code\User\globalStorage\pleiades.java-extension-pack-jdk\gradle\latest\bin;C:\Users\mypc\AppData\Roaming\Code\User\globalStorage\pleiades.java-extension-pack-jdk\maven\latest\bin;C:\Program Files\Java\jdk-21\bin;C:\Program Files\Eclipse Adoptium\jdk-21.0.2.13-hotspot\bin;C:\Program Files\Common Files\Oracle\Java\javapath;E:\CUDA\bin;E:\CUDA\libnvvp;E:\VMWare\bin\;E:\ImageMagick-7.1.1-Q16-HDRI;C:\Windows\system32;C:\Windows;C:\Windows\System32\Wbem;C:\Windows\System32\WindowsPowerShell\v1.0\;C:\Windows\System32\OpenSSH\;C:\Program Files (x86)\NVIDIA Corporation\PhysX\Common;C:\Program Files\NVIDIA Corporation\NVIDIA NvDLISR;C:\Program Files\Microsoft SQL Server\150\Tools\Binn\;C:\Program Files\Microsoft SQL Server\Client SDK\ODBC\170\Tools\Binn\;C:\Program Files\dotnet\;C:\Program Files (x86)\Microsoft SQL Server\110\Tools\Binn\;C:\Program Files\Microsoft SQL Server\110\Tools\Binn\;C:\Program Files\Microsoft SQL Server\110\DTS\Binn\;C:\Program Files (x86)\Microsoft SQL Server\110\Tools\Binn\ManagementStudio\;C:\Program Files (x86)\Microsoft SQL Server\110\DTS\Binn\;C:\Program Files\NVIDIA Corporation\Nsight Compute 2024.1.0\;C:\Program Files\Eclipse Adoptium\jdk-21.0.2.13-hotspot\;E:\Git\cmd;;E:\Microsoft VS Code\bin
USERNAME=mypc
LANG=en_US.UTF-8
OS=Windows_NT
PROCESSOR_IDENTIFIER=AMD64 Family 23 Model 113 Stepping 0, AuthenticAMD
TMP=C:\Users\mypc\AppData\Local\Temp
TEMP=C:\Users\mypc\AppData\Local\Temp




Periodic native trim disabled

---------------  S Y S T E M  ---------------

OS:
 Windows 10 , 64 bit Build 19041 (10.0.19041.3636)
OS uptime: 0 days 3:06 hours
Hyper-V role detected

CPU: total 6 (initial active 6) (6 cores per cpu, 1 threads per core) family 23 model 113 stepping 0 microcode 0x0, cx8, cmov, fxsr, mmx, 3dnowpref, sse, sse2, sse3, ssse3, sse4a, sse4.1, sse4.2, popcnt, lzcnt, tsc, tscinvbit, avx, avx2, aes, clmul, bmi1, bmi2, adx, sha, fma, vzeroupper, clflush, clflushopt, hv, rdtscp, rdpid, f16c
Processor Information for all 6 processors :
  Max Mhz: 3593, Current Mhz: 3593, Mhz Limit: 3593

Memory: 4k page, system-wide physical 16315M (1864M free)
TotalPageFile size 31500M (AvailPageFile size 24M)
current process WorkingSet (physical memory assigned to process): 6191M, peak: 12794M
current process commit charge ("private bytes"): 22224M, peak: 22248M

vm_info: Java HotSpot(TM) 64-Bit Server VM (21.0.2+13-LTS-58) for windows-amd64 JRE (21.0.2+13-LTS-58), built on 2024-01-05T18:32:24Z by "mach5one" with MS VC++ 17.1 (VS2022)

END.
